<?xml version="1.0" encoding="UTF-8"?>

<mule xmlns:ee="http://www.mulesoft.org/schema/mule/ee/core" xmlns:http="http://www.mulesoft.org/schema/mule/http"
	xmlns="http://www.mulesoft.org/schema/mule/core"
	xmlns:doc="http://www.mulesoft.org/schema/mule/documentation" xmlns:xsi="http://www.w3.org/2001/XMLSchema-instance" xsi:schemaLocation="http://www.mulesoft.org/schema/mule/core http://www.mulesoft.org/schema/mule/core/current/mule.xsd
http://www.mulesoft.org/schema/mule/http http://www.mulesoft.org/schema/mule/http/current/mule-http.xsd
http://www.mulesoft.org/schema/mule/ee/core http://www.mulesoft.org/schema/mule/ee/core/current/mule-ee.xsd">
	<flow name="test-cicd-gitFlow" doc:id="62bb12c0-a7a5-4cab-b4de-e2542516b61c" >
		<http:listener doc:name="Listener" doc:id="f005d347-d5e2-42f4-a46c-f95977259d9c" config-ref="HTTP_Listener_config" path="/api/hello-template"/>
		<ee:transform doc:name="Transform Message" doc:id="569e825e-9934-429f-a04a-fb5d8215ba1e" >
			<ee:message >
				<ee:set-payload ><![CDATA[%dw 2.0
output application/json
---
{
	message: "GOOD JOB"
}
]]></ee:set-payload>
			</ee:message>
		</ee:transform>
	</flow>
</mule>
